<?xml version="1.0" encoding="UTF-8"?>
<!-- Generated by org.testng.reporters.JUnitXMLReporter -->
<testsuite ignored="10" hostname="PSDLAP349" failures="1" tests="3" name="Default test" time="46.576" errors="0" timestamp="2025-02-21T18:24:38 IST">
  <testcase classname="test.AboutUsTabTest" name="Validate_About_Us_Button_Click_TC_001" time="0.038">
    <skipped/>
  </testcase> <!-- Validate_About_Us_Button_Click_TC_001 -->
  <testcase classname="test.AboutUsTabTest" name="Validate_About_Us_Button_Click_TC_001" time="0.01">
    <skipped/>
  </testcase> <!-- Validate_About_Us_Button_Click_TC_001 -->
  <testcase classname="test.AboutUsTabTest" name="Validate_About_Us_Button_Click_TC_001" time="0.022">
    <failure type="java.lang.AssertionError" message="expected [About Us - Pursuit Software] but found [Pursuit Software - In Pursuit of Excellence]">
      <![CDATA[java.lang.AssertionError: expected [About Us - Pursuit Software] but found [Pursuit Software - In Pursuit of Excellence]
at org.testng.Assert.fail(Assert.java:111)
at org.testng.Assert.failNotEquals(Assert.java:1578)
at org.testng.Assert.assertEqualsImpl(Assert.java:150)
at org.testng.Assert.assertEquals(Assert.java:132)
at org.testng.Assert.assertEquals(Assert.java:656)
at org.testng.Assert.assertEquals(Assert.java:666)
at test.AboutUsTabTest.Validate_About_Us_Button_Click_TC_001(AboutUsTabTest.java:25)
at java.base/jdk.internal.reflect.NativeMethodAccessorImpl.invoke0(Native Method)
at java.base/jdk.internal.reflect.NativeMethodAccessorImpl.invoke(NativeMethodAccessorImpl.java:77)
at java.base/jdk.internal.reflect.DelegatingMethodAccessorImpl.invoke(DelegatingMethodAccessorImpl.java:43)
at java.base/java.lang.reflect.Method.invoke(Method.java:568)
at org.testng.internal.invokers.MethodInvocationHelper.invokeMethod(MethodInvocationHelper.java:141)
at org.testng.internal.invokers.TestInvoker.invokeMethod(TestInvoker.java:686)
at org.testng.internal.invokers.TestInvoker.retryFailed(TestInvoker.java:269)
at org.testng.internal.invokers.MethodRunner.runInSequence(MethodRunner.java:76)
at org.testng.internal.invokers.TestInvoker$MethodInvocationAgent.invoke(TestInvoker.java:992)
at org.testng.internal.invokers.TestInvoker.invokeTestMethods(TestInvoker.java:203)
at org.testng.internal.invokers.TestMethodWorker.invokeTestMethods(TestMethodWorker.java:154)
at org.testng.internal.invokers.TestMethodWorker.run(TestMethodWorker.java:134)
at java.base/java.util.ArrayList.forEach(ArrayList.java:1511)
at org.testng.TestRunner.privateRun(TestRunner.java:739)
at org.testng.TestRunner.run(TestRunner.java:614)
at org.testng.SuiteRunner.runTest(SuiteRunner.java:421)
at org.testng.SuiteRunner.runSequentially(SuiteRunner.java:413)
at org.testng.SuiteRunner.privateRun(SuiteRunner.java:373)
at org.testng.SuiteRunner.run(SuiteRunner.java:312)
at org.testng.SuiteRunnerWorker.runSuite(SuiteRunnerWorker.java:52)
at org.testng.SuiteRunnerWorker.run(SuiteRunnerWorker.java:95)
at org.testng.TestNG.runSuitesSequentially(TestNG.java:1274)
at org.testng.TestNG.runSuitesLocally(TestNG.java:1208)
at org.testng.TestNG.runSuites(TestNG.java:1112)
at org.testng.TestNG.run(TestNG.java:1079)
at org.testng.remote.AbstractRemoteTestNG.run(AbstractRemoteTestNG.java:115)
at org.testng.remote.RemoteTestNG.initAndRun(RemoteTestNG.java:293)
at org.testng.remote.RemoteTestNG.main(RemoteTestNG.java:91)
]]>
    </failure>
  </testcase> <!-- Validate_About_Us_Button_Click_TC_001 -->
  <testcase classname="test.AboutUsTabTest" name="Validate_first_JOIN_US_button_click_TC_003" time="0.0">
    <ignored/>
  </testcase> <!-- Validate_first_JOIN_US_button_click_TC_003 -->
  <testcase classname="test.AboutUsTabTest" name="Validate_LINKED_IN_ICON_button_click_TC_010" time="0.0">
    <ignored/>
  </testcase> <!-- Validate_LINKED_IN_ICON_button_click_TC_010 -->
  <testcase classname="test.AboutUsTabTest" name="Validate_CONTACT_US_ICON_button_click_TC_011" time="0.0">
    <ignored/>
  </testcase> <!-- Validate_CONTACT_US_ICON_button_click_TC_011 -->
  <testcase classname="test.AboutUsTabTest" name="Verify_Nav_bar_content_change_on_scroll_down_TC_005" time="0.0">
    <ignored/>
  </testcase> <!-- Verify_Nav_bar_content_change_on_scroll_down_TC_005 -->
  <testcase classname="test.AboutUsTabTest" name="Validate_CONTACT_US_button_click_TC_006" time="0.0">
    <ignored/>
  </testcase> <!-- Validate_CONTACT_US_button_click_TC_006 -->
  <testcase classname="test.AboutUsTabTest" name="Validate_Search_feature_TC_002" time="0.0">
    <ignored/>
  </testcase> <!-- Validate_Search_feature_TC_002 -->
  <testcase classname="test.AboutUsTabTest" name="Validate_TERMS_AND_CONDITIONS_button_click_TC_008" time="0.0">
    <ignored/>
  </testcase> <!-- Validate_TERMS_AND_CONDITIONS_button_click_TC_008 -->
  <testcase classname="test.AboutUsTabTest" name="Validate_second_JOIN_US_button_click_TC_003" time="0.0">
    <ignored/>
  </testcase> <!-- Validate_second_JOIN_US_button_click_TC_003 -->
  <testcase classname="test.AboutUsTabTest" name="Validate_COOKIE_POLICY_button_click_TC_007" time="0.0">
    <ignored/>
  </testcase> <!-- Validate_COOKIE_POLICY_button_click_TC_007 -->
  <testcase classname="test.AboutUsTabTest" name="Validate_PRIVACY_POLICY_button_click_TC_009" time="0.0">
    <ignored/>
  </testcase> <!-- Validate_PRIVACY_POLICY_button_click_TC_009 -->
</testsuite> <!-- Default test -->
